#
# There is insufficient memory for the Java Runtime Environment to continue.
# Native memory allocation (malloc) failed to allocate 32744 bytes for ChunkPool::allocate
# Possible reasons:
#   The system is out of physical RAM or swap space
#   In 32 bit mode, the process size limit was hit
# Possible solutions:
#   Reduce memory load on the system
#   Increase physical memory or swap space
#   Check if swap backing store is full
#   Use 64 bit Java on a 64 bit OS
#   Decrease Java heap size (-Xmx/-Xms)
#   Decrease number of Java threads
#   Decrease Java thread stack sizes (-Xss)
#   Set larger code cache with -XX:ReservedCodeCacheSize=
# This output file may be truncated or incomplete.
#
#  Out of Memory Error (allocation.cpp:273), pid=7060, tid=0x000000000000104c
#
# JRE version: Java(TM) SE Runtime Environment (8.0_111-b14) (build 1.8.0_111-b14)
# Java VM: Java HotSpot(TM) 64-Bit Server VM (25.111-b14 mixed mode windows-amd64 compressed oops)
# Failed to write core dump. Minidumps are not enabled by default on client versions of Windows
#

---------------  T H R E A D  ---------------

Current thread (0x000000001461c000):  JavaThread "C1 CompilerThread1" daemon [_thread_in_native, id=4172, stack(0x0000000015750000,0x0000000015850000)]

Stack: [0x0000000015750000,0x0000000015850000]
[error occurred during error reporting (printing stack bounds), id 0xc0000005]

Native frames: (J=compiled Java code, j=interpreted, Vv=VM code, C=native code)


Current CompileTask:
C1:   5494  585       3       javax.swing.plaf.nimbus.NimbusStyle::validate (1178 bytes)


---------------  P R O C E S S  ---------------

Java Threads: ( => current thread )
  0x0000000016823000 JavaThread "TimerQueue" daemon [_thread_blocked, id=1632, stack(0x0000000017b10000,0x0000000017c10000)]
  0x0000000002190800 JavaThread "DestroyJavaVM" [_thread_blocked, id=3104, stack(0x0000000002090000,0x0000000002190000)]
  0x0000000015f06800 JavaThread "AWT-EventQueue-0" [_thread_blocked, id=2284, stack(0x0000000016f50000,0x0000000017050000)]
  0x0000000015e93800 JavaThread "AWT-Windows" daemon [_thread_in_native, id=6484, stack(0x0000000016150000,0x0000000016250000)]
  0x0000000015eee800 JavaThread "AWT-Shutdown" [_thread_blocked, id=6408, stack(0x0000000016050000,0x0000000016150000)]
  0x0000000015eee000 JavaThread "Java2D Disposer" daemon [_thread_blocked, id=936, stack(0x0000000015f50000,0x0000000016050000)]
  0x000000001467a000 JavaThread "Service Thread" daemon [_thread_blocked, id=4780, stack(0x0000000015850000,0x0000000015950000)]
=>0x000000001461c000 JavaThread "C1 CompilerThread1" daemon [_thread_in_native, id=4172, stack(0x0000000015750000,0x0000000015850000)]
  0x0000000014618800 JavaThread "C2 CompilerThread0" daemon [_thread_blocked, id=3284, stack(0x0000000015650000,0x0000000015750000)]
  0x0000000014617800 JavaThread "Attach Listener" daemon [_thread_blocked, id=6636, stack(0x0000000015550000,0x0000000015650000)]
  0x0000000014614000 JavaThread "Signal Dispatcher" daemon [_thread_blocked, id=1448, stack(0x0000000015450000,0x0000000015550000)]
  0x0000000014608800 JavaThread "Finalizer" daemon [_thread_blocked, id=6564, stack(0x0000000015250000,0x0000000015350000)]
  0x000000000227c800 JavaThread "Reference Handler" daemon [_thread_blocked, id=6920, stack(0x0000000015150000,0x0000000015250000)]

Other Threads:
  0x00000000145e6000 VMThread [stack: 0x0000000015050000,0x0000000015150000] [id=4320]
  0x000000001468f800 WatcherThread [stack: 0x0000000015a50000,0x0000000015b50000] [id=5788]

VM state:not at safepoint (normal execution)

VM Mutex/Monitor currently owned by a thread: None

Heap:
 PSYoungGen      total 18944K, used 7710K [0x00000000eb400000, 0x00000000ec900000, 0x0000000100000000)
  eden space 16384K, 47% used [0x00000000eb400000,0x00000000ebb87b60,0x00000000ec400000)
  from space 2560K, 0% used [0x00000000ec680000,0x00000000ec680000,0x00000000ec900000)
  to   space 2560K, 0% used [0x00000000ec400000,0x00000000ec400000,0x00000000ec680000)
 ParOldGen       total 44032K, used 0K [0x00000000c1c00000, 0x00000000c4700000, 0x00000000eb400000)
  object space 44032K, 0% used [0x00000000c1c00000,0x00000000c1c00000,0x00000000c4700000)
 Metaspace       used 11498K, capacity 11638K, committed 11904K, reserved 1058816K
  class space    used 1490K, capacity 1573K, committed 1664K, reserved 1048576K

Card table byte_map: [0x0000000011650000,0x0000000011850000] byte_map_base: 0x0000000011042000

Marking Bits: (ParMarkBitMap*) 0x000000007780a6c0
 Begin Bits: [0x0000000011ba0000, 0x0000000012b30000)
 End Bits:   [0x0000000012b30000, 0x0000000013ac0000)

Polling page: 0x00000000001e0000

CodeCache: size=245760Kb used=2312Kb max_used=2323Kb free=243447Kb
 bounds [0x0000000002290000, 0x0000000002500000, 0x0000000011290000]
 total_blobs=1063 nmethods=584 adapters=393
 compilation: enabled

Compilation events (10 events):
Event: 4.972 Thread 0x000000001461c000 nmethod 580 0x00000000024d1910 code [0x00000000024d1a60, 0x00000000024d1b70]
Event: 4.972 Thread 0x000000001461c000  581       1       sun.java2d.SurfaceData::getColorModel (5 bytes)
Event: 4.972 Thread 0x000000001461c000 nmethod 581 0x00000000024d1bd0 code [0x00000000024d1d20, 0x00000000024d1e30]
Event: 4.972 Thread 0x000000001461c000  582       3       java.awt.LinearGradientPaintContext::fillRaster (97 bytes)
Event: 4.973 Thread 0x0000000014618800  583  s    4       sun.java2d.loops.GraphicsPrimitive::makeUniqueID (26 bytes)
Event: 4.973 Thread 0x000000001461c000 nmethod 582 0x00000000024d1e90 code [0x00000000024d2020, 0x00000000024d2468]
Event: 4.976 Thread 0x0000000014618800 nmethod 583 0x00000000024d5590 code [0x00000000024d56e0, 0x00000000024d5978]
Event: 5.471 Thread 0x000000001461c000  584       3       java.util.concurrent.locks.AbstractQueuedSynchronizer::compareAndSetState (13 bytes)
Event: 5.471 Thread 0x000000001461c000 nmethod 584 0x00000000024d5250 code [0x00000000024d53a0, 0x00000000024d5510]
Event: 5.471 Thread 0x000000001461c000  585       3       javax.swing.plaf.nimbus.NimbusStyle::validate (1178 bytes)

GC Heap History (0 events):
No events

Deoptimization events (3 events):
Event: 1.257 Thread 0x0000000015f06800 Uncommon trap: reason=bimorphic action=maybe_recompile pc=0x000000000247fa5c method=java.util.HashMap.putVal(ILjava/lang/Object;Ljava/lang/Object;ZZ)Ljava/lang/Object; @ 152
Event: 1.369 Thread 0x0000000015f06800 Uncommon trap: reason=bimorphic action=maybe_recompile pc=0x000000000247fa5c method=java.util.HashMap.putVal(ILjava/lang/Object;Ljava/lang/Object;ZZ)Ljava/lang/Object; @ 152
Event: 1.461 Thread 0x0000000015f06800 Uncommon trap: reason=unstable_if action=reinterpret pc=0x00000000024b3a2c method=java.awt.MultipleGradientPaintContext.indexIntoGradientsArrays(F)I @ 13

Internal exceptions (10 events):
Event: 0.797 Thread 0x0000000002190800 Exception <a 'java/lang/ClassNotFoundException': ToolBarSeparator> (0x00000000eb759328) thrown at [C:\re\workspace\8-2-build-windows-amd64-cygwin\jdk8u111\7883\hotspot\src\share\vm\classfile\systemDictionary.cpp, line 210]
Event: 0.798 Thread 0x0000000002190800 Exception <a 'java/lang/ClassNotFoundException': ToolTip> (0x00000000eb759a68) thrown at [C:\re\workspace\8-2-build-windows-amd64-cygwin\jdk8u111\7883\hotspot\src\share\vm\classfile\systemDictionary.cpp, line 210]
Event: 0.801 Thread 0x0000000002190800 Exception <a 'java/lang/ClassNotFoundException': Tree> (0x00000000eb75a688) thrown at [C:\re\workspace\8-2-build-windows-amd64-cygwin\jdk8u111\7883\hotspot\src\share\vm\classfile\systemDictionary.cpp, line 210]
Event: 0.801 Thread 0x0000000002190800 Exception <a 'java/lang/ClassNotFoundException': Tree> (0x00000000eb75adc8) thrown at [C:\re\workspace\8-2-build-windows-amd64-cygwin\jdk8u111\7883\hotspot\src\share\vm\classfile\systemDictionary.cpp, line 210]
Event: 0.801 Thread 0x0000000002190800 Exception <a 'java/lang/ClassNotFoundException': javax/swing/JTreeCell> (0x00000000eb75b148) thrown at [C:\re\workspace\8-2-build-windows-amd64-cygwin\jdk8u111\7883\hotspot\src\share\vm\classfile\systemDictionary.cpp, line 210]
Event: 0.801 Thread 0x0000000002190800 Exception <a 'java/lang/ClassNotFoundException': TreeCell> (0x00000000eb75b5d0) thrown at [C:\re\workspace\8-2-build-windows-amd64-cygwin\jdk8u111\7883\hotspot\src\share\vm\classfile\systemDictionary.cpp, line 210]
Event: 0.803 Thread 0x0000000002190800 Exception <a 'java/lang/ClassNotFoundException': RootPane> (0x00000000eb75c030) thrown at [C:\re\workspace\8-2-build-windows-amd64-cygwin\jdk8u111\7883\hotspot\src\share\vm\classfile\systemDictionary.cpp, line 210]
Event: 1.185 Thread 0x0000000015f06800 Exception <a 'java/io/FileNotFoundException'> (0x00000000eb92ea08) thrown at [C:\re\workspace\8-2-build-windows-amd64-cygwin\jdk8u111\7883\hotspot\src\share\vm\prims\jni.cpp, line 709]
Event: 1.191 Thread 0x0000000015f06800 Exception <a 'java/io/FileNotFoundException'> (0x00000000eb938720) thrown at [C:\re\workspace\8-2-build-windows-amd64-cygwin\jdk8u111\7883\hotspot\src\share\vm\prims\jni.cpp, line 709]
Event: 1.221 Thread 0x0000000015f06800 Exception <a 'java/io/FileNotFoundException'> (0x00000000eb961588) thrown at [C:\re\workspace\8-2-build-windows-amd64-cygwin\jdk8u111\7883\hotspot\src\share\vm\prims\jni.cpp, line 709]

Events (10 events):
Event: 1.464 loading class java/awt/geom/Path2D$Float$TxIterator
Event: 1.464 loading class java/awt/geom/Path2D$Iterator
Event: 1.465 loading class java/awt/geom/Path2D$Iterator done
Event: 1.465 loading class java/awt/geom/Path2D$Float$TxIterator done
Event: 1.493 loading class java/util/concurrent/locks/LockSupport
Event: 1.493 loading class java/util/concurrent/locks/LockSupport done
Event: 1.957 loading class javax/swing/Timer$1
Event: 1.957 loading class javax/swing/Timer$1 done
Event: 4.204 Executing VM operation: EnableBiasedLocking
Event: 4.204 Executing VM operation: EnableBiasedLocking done


Dynamic libraries:
0x00007ff660840000 - 0x00007ff660877000 	C:\Program Files\Java\jdk1.8.0_111\bin\java.exe
0x00007ffaca030000 - 0x00007ffaca1f1000 	C:\Windows\SYSTEM32\ntdll.dll
0x00007ffac9de0000 - 0x00007ffac9e8d000 	C:\Windows\system32\KERNEL32.DLL
0x00007ffac67a0000 - 0x00007ffac6988000 	C:\Windows\system32\KERNELBASE.dll
0x00007ffac9800000 - 0x00007ffac98a7000 	C:\Windows\system32\ADVAPI32.dll
0x00007ffac7a90000 - 0x00007ffac7b2d000 	C:\Windows\system32\msvcrt.dll
0x00007ffac9e90000 - 0x00007ffac9eeb000 	C:\Windows\system32\sechost.dll
0x00007ffac9580000 - 0x00007ffac969c000 	C:\Windows\system32\RPCRT4.dll
0x00007ffac9a70000 - 0x00007ffac9bc6000 	C:\Windows\system32\USER32.dll
0x00007ffac93f0000 - 0x00007ffac9576000 	C:\Windows\system32\GDI32.dll
0x00007ffabe0a0000 - 0x00007ffabe314000 	C:\Windows\WinSxS\amd64_microsoft.windows.common-controls_6595b64144ccf1df_6.0.10586.0_none_8c15ae12515e1c22\COMCTL32.dll
0x00007ffac9100000 - 0x00007ffac937d000 	C:\Windows\system32\combase.dll
0x00007ffac7280000 - 0x00007ffac72ea000 	C:\Windows\system32\bcryptPrimitives.dll
0x00007ffac74f0000 - 0x00007ffac752b000 	C:\Windows\system32\IMM32.DLL
0x0000000076f10000 - 0x0000000076fe2000 	C:\Program Files\Java\jdk1.8.0_111\jre\bin\msvcr100.dll
0x0000000076ff0000 - 0x000000007788a000 	C:\Program Files\Java\jdk1.8.0_111\jre\bin\server\jvm.dll
0x00007ffac9a00000 - 0x00007ffac9a08000 	C:\Windows\system32\PSAPI.DLL
0x00007ffac4dd0000 - 0x00007ffac4dd9000 	C:\Windows\SYSTEM32\WSOCK32.dll
0x00007ffac9380000 - 0x00007ffac93eb000 	C:\Windows\system32\WS2_32.dll
0x00007ffac4c70000 - 0x00007ffac4c93000 	C:\Windows\SYSTEM32\WINMM.dll
0x00007ffabea90000 - 0x00007ffabea9a000 	C:\Windows\SYSTEM32\VERSION.dll
0x00007ffac4a20000 - 0x00007ffac4a4c000 	C:\Windows\SYSTEM32\WINMMBASE.dll
0x00007ffac6990000 - 0x00007ffac69d3000 	C:\Windows\system32\cfgmgr32.dll
0x0000000076ec0000 - 0x0000000076ecf000 	C:\Program Files\Java\jdk1.8.0_111\jre\bin\verify.dll
0x0000000076e90000 - 0x0000000076eb9000 	C:\Program Files\Java\jdk1.8.0_111\jre\bin\java.dll
0x0000000076e70000 - 0x0000000076e86000 	C:\Program Files\Java\jdk1.8.0_111\jre\bin\zip.dll
0x00007ffac7ba0000 - 0x00007ffac90fc000 	C:\Windows\system32\SHELL32.dll
0x00007ffac6c30000 - 0x00007ffac7275000 	C:\Windows\system32\windows.storage.dll
0x00007ffac9d80000 - 0x00007ffac9dd2000 	C:\Windows\system32\shlwapi.dll
0x00007ffac6650000 - 0x00007ffac665f000 	C:\Windows\system32\kernel.appcore.dll
0x00007ffac66e0000 - 0x00007ffac6795000 	C:\Windows\system32\shcore.dll
0x00007ffac6660000 - 0x00007ffac66ab000 	C:\Windows\system32\powrprof.dll
0x00007ffac66b0000 - 0x00007ffac66c4000 	C:\Windows\system32\profapi.dll
0x0000000076c90000 - 0x0000000076e28000 	C:\Program Files\Java\jdk1.8.0_111\jre\bin\awt.dll
0x00007ffac79c0000 - 0x00007ffac7a81000 	C:\Windows\system32\OLEAUT32.dll
0x00007ffac4e40000 - 0x00007ffac4eb9000 	C:\Windows\system32\apphelp.dll
0x00007ffac4fd0000 - 0x00007ffac5066000 	C:\Windows\system32\uxtheme.dll
0x00007ffac96a0000 - 0x00007ffac97fa000 	C:\Windows\system32\MSCTF.dll
0x00007ffac4080000 - 0x00007ffac40a2000 	C:\Windows\system32\dwmapi.dll
0x00007ffac98b0000 - 0x00007ffac99f3000 	C:\Windows\system32\ole32.dll
0x0000000076c40000 - 0x0000000076c87000 	C:\Program Files\Java\jdk1.8.0_111\jre\bin\fontmanager.dll
0x00007ffac7440000 - 0x00007ffac74e7000 	C:\Windows\system32\clbcatq.dll
0x00007ffac3b60000 - 0x00007ffac3d11000 	C:\Windows\SYSTEM32\WindowsCodecs.dll
0x00007ffab92e0000 - 0x00007ffab932a000 	C:\Windows\system32\dataexchange.dll
0x00007ffac3dd0000 - 0x00007ffac4078000 	C:\Windows\system32\d3d11.dll
0x00007ffac4930000 - 0x00007ffac4a13000 	C:\Windows\system32\dcomp.dll
0x00007ffac3d20000 - 0x00007ffac3dc3000 	C:\Windows\system32\dxgi.dll
0x00007ffac5170000 - 0x00007ffac5270000 	C:\Windows\system32\twinapi.appcore.dll
0x00007ffac6580000 - 0x00007ffac65a9000 	C:\Windows\system32\bcrypt.dll
0x0000000076e50000 - 0x0000000076e6a000 	C:\Program Files\Java\jdk1.8.0_111\jre\bin\net.dll
0x00007ffac5f20000 - 0x00007ffac5f7c000 	C:\Windows\system32\mswsock.dll
0x0000000076e30000 - 0x0000000076e41000 	C:\Program Files\Java\jdk1.8.0_111\jre\bin\nio.dll
0x0000000076bf0000 - 0x0000000076c32000 	C:\Program Files\Java\jdk1.8.0_111\jre\bin\t2k.dll
0x0000000076bb0000 - 0x0000000076bda000 	C:\Program Files\Java\jdk1.8.0_111\jre\bin\dcpr.dll

VM Arguments:
jvm_args: -Dfile.encoding=UTF-8 
java_command: aula100821.JPessoa
java_class_path (initial): C:\Users\Guilherme\Documents\NetBeansProjects\JavaApplication1\build\classes
Launcher Type: SUN_STANDARD

Environment Variables:
PATH=C:\Program Files (x86)\Common Files\Oracle\Java\javapath;C:\Windows\system32;C:\Windows;C:\Windows\System32\Wbem;C:\Windows\System32\WindowsPowerShell\v1.0\;C:\MinGW\bin;C:\Program Files\nodejs\;C:\Program Files\Git\cmd;C:\Users\Guilherme\AppData\Local\Programs\Microsoft VS Code\bin;C:\MinGW\bin;C:\Users\Guilherme\AppData\Roaming\npm
USERNAME=Guilherme
OS=Windows_NT
PROCESSOR_IDENTIFIER=Intel64 Family 6 Model 55 Stepping 3, GenuineIntel



---------------  S Y S T E M  ---------------

OS: Windows 10.0 , 64 bit Build 10586 (10.0.10586.0)

CPU:total 2 (2 cores per cpu, 1 threads per core) family 6 model 55 stepping 3, cmov, cx8, fxsr, mmx, sse, sse2, sse3, ssse3, sse4.1, sse4.2, popcnt, clmul, erms, 3dnowpref, tsc, tscinvbit

Memory: 4k page, physical 4079300k(656100k free), swap 4079300k(5132k free)

vm_info: Java HotSpot(TM) 64-Bit Server VM (25.111-b14) for windows-amd64 JRE (1.8.0_111-b14), built on Sep 22 2016 19:24:05 by "java_re" with MS VC++ 10.0 (VS2010)

time: Sun Aug 15 00:00:22 2021
elapsed time: 5 seconds (0d 0h 0m 5s)

